➜  lottery-token-busd git:(bkc-testnet) ✗ truffle deploy --network bitkubTestnet --reset

Compiling your contracts...
===========================
> Everything is up to date, there is nothing to compile.



Starting migrations...
======================
> Network name:    'bitkubTestnet'
> Network id:      25925
> Block gas limit: 300000000 (0x11e1a300)


1_initial_migration.js
======================

   Replacing 'Migrations'
   ----------------------
   > transaction hash:    0x166e0c69ca8cbc9b698340fdd97257ccccb51f15b0f1d7ea4d909258533baa1b
   > Blocks: 2            Seconds: 8
   > contract address:    0x7167d48b0FEAdBa5efc78e40524f0b5CBEb41428
   > block number:        1241894
   > block timestamp:     1623904349
   > account:             0x4D2159FF4c2250AfbB839eeB7DD50A94b2Df1A67
   > balance:             11.340298700000000001
   > gas used:            153706 (0x2586a)
   > gas price:           50 gwei
   > value sent:          0 ETH
   > total cost:          0.0076853 ETH


   > Saving migration to chain.
   > Saving artifacts
   -------------------------------------
   > Total cost:           0.0076853 ETH


2_deploy_busd.js
================

   Deploying 'BUSD'
   ----------------
   > transaction hash:    0x1661b2ea678f33f07be61829faba85043fc0526a36e678cb9e395982a09c1e9d
   > Blocks: 2            Seconds: 8
   > contract address:    0x6434d261d6Af93848aE7907026bE83Cfe464daBa
   > block number:        1241898
   > block timestamp:     1623904369
   > account:             0x4D2159FF4c2250AfbB839eeB7DD50A94b2Df1A67
   > balance:             11.301765450000000001
   > gas used:            728410 (0xb1d5a)
   > gas price:           50 gwei
   > value sent:          0 ETH
   > total cost:          0.0364205 ETH


   > Saving migration to chain.
   > Saving artifacts
   -------------------------------------
   > Total cost:           0.0364205 ETH


3_deploy_nft.js
===============

   Deploying 'LotteryNFT'
   ----------------------
   > transaction hash:    0x6130f7437f3320871b3d965450e31b86b8515b697f4eca79312a926d0adf2494
   > Blocks: 1            Seconds: 4
   > contract address:    0x5fe19B5b4bA33C4420a0733972bD4e9371019b7b
   > block number:        1241902
   > block timestamp:     1623904389
   > account:             0x4D2159FF4c2250AfbB839eeB7DD50A94b2Df1A67
   > balance:             11.186257800000000001
   > gas used:            2282898 (0x22d592)
   > gas price:           50 gwei
   > value sent:          0 ETH
   > total cost:          0.1141449 ETH


   > Saving migration to chain.
   > Saving artifacts
   -------------------------------------
   > Total cost:           0.1141449 ETH


4_deploy_lottery.js
===================

   Deploying 'Lottery'
   -------------------
   > transaction hash:    0xddaee6ddff22f28e018b6aa91cc5b886b74a172c3e63d22f1ccbb40085a10e0f
   > Blocks: 0            Seconds: 0
   > contract address:    0xD9f1209a68e787016FE5fB5e092A00ab686CA001
   > block number:        1241905
   > block timestamp:     1623904404
   > account:             0x4D2159FF4c2250AfbB839eeB7DD50A94b2Df1A67
   > balance:             11.001001150000000001
   > gas used:            3677878 (0x381eb6)
   > gas price:           50 gwei
   > value sent:          0 ETH
   > total cost:          0.1838939 ETH


   > Saving migration to chain.
   > Saving artifacts
   -------------------------------------
   > Total cost:           0.1838939 ETH
   
➜  lottery-token-busd git:(bkc-testnet) ✗ truffle deploy -f 5 --to 5 --network bitkubTestnet

Compiling your contracts...
===========================
> Everything is up to date, there is nothing to compile.



Starting migrations...
======================
> Network name:    'bitkubTestnet'
> Network id:      25925
> Block gas limit: 300000000 (0x11e1a300)


5_deploy_proxy.js
=================
BUSD.address 0x6434d261d6Af93848aE7907026bE83Cfe464daBa
LotteryNFT.address 0x5fe19B5b4bA33C4420a0733972bD4e9371019b7b
Lottery.address 0xD9f1209a68e787016FE5fB5e092A00ab686CA001
proxyAdmin 0x4D2159FF4c2250AfbB839eeB7DD50A94b2Df1A67
lotteryOwner 0x4d246458828978FF2F4288DA07d08B3DCBbbE0Fa
lotteryAdmin 0x4d246458828978FF2F4288DA07d08B3DCBbbE0Fa
minPrice 1000000000000000000
abiEncodeData 0x11e420650000000000000000000000006434d261d6af93848ae7907026be83cfe464daba0000000000000000000000005fe19b5b4ba33c4420a0733972bd4e9371019b7b0000000000000000000000000000000000000000000000000de0b6b3a7640000000000000000000000000000000000000000000000000000000000000000000d0000000000000000000000004d246458828978ff2f4288da07d08b3dcbbbe0fa0000000000000000000000004d246458828978ff2f4288da07d08b3dcbbbe0fa

   Deploying 'LotteryUpgradeProxy'
   -------------------------------
   > transaction hash:    0x15fca64a0df5fcacb23c65c841be1f0efec5a7ffcd4125cef1cf4a0daa3c86fa
   > Blocks: 1            Seconds: 4
   > contract address:    0x05B2a2D2323cFA0CbBFADd79dEe6005240FE9d3a
   > block number:        1241950
   > block timestamp:     1623904629
   > account:             0x4D2159FF4c2250AfbB839eeB7DD50A94b2Df1A67
   > balance:             10.930058400000000001
   > gas used:            695800 (0xa9df8)
   > gas price:           50 gwei
   > value sent:          0 ETH
   > total cost:          0.03479 ETH


   > Saving migration to chain.
   > Saving artifacts
   -------------------------------------
   > Total cost:             0.03479 ETH


Summary
=======
> Total deployments:   1
> Final cost:          0.03479 ETH